<?xml version="1.0" encoding="UTF-8"?>
<!-- Generated by org.testng.reporters.JUnitReportReporter -->
<testsuite skipped="0" hostname="DESKTOP-4DTUBVT" name="tests.CreateProjectTest" tests="3" failures="0" timestamp="16 Mar 2020 19:07:43 GMT" time="46.039" errors="0">
  <testcase name="NewProject" time="15.980" classname="tests.CreateProjectTest"/>
  <testcase name="ProjectName" time="0.225" classname="tests.CreateProjectTest"/>
  <testcase name="UserStory" time="29.834" classname="tests.CreateProjectTest"/>
</testsuite> <!-- tests.CreateProjectTest -->
