<?xml version="1.0" encoding="UTF-8"?>
<!-- Generated by org.testng.reporters.JUnitReportReporter -->
<testsuite skipped="0" hostname="Desktop-Piyush" name="tests.CreateXrayProject_TestScenario2" tests="5" failures="0" timestamp="25 Mar 2020 07:11:30 GMT" time="68.321" errors="0">
  <testcase name="login_ValidUserValidPass" time="10.599" classname="tests.CreateXrayProject_TestScenario2"/>
  <testcase name="CreateXrayProject" time="16.081" classname="tests.CreateXrayProject_TestScenario2"/>
  <testcase name="ProjectName" time="3.467" classname="tests.CreateXrayProject_TestScenario2"/>
  <testcase name="UserStory" time="21.951" classname="tests.CreateXrayProject_TestScenario2"/>
  <testcase name="Plan" time="16.223" classname="tests.CreateXrayProject_TestScenario2"/>
</testsuite> <!-- tests.CreateXrayProject_TestScenario2 -->
