<?xml version="1.0" encoding="UTF-8"?>
<!-- Generated by org.testng.reporters.JUnitReportReporter -->
<testsuite skipped="0" hostname="Desktop-Piyush" name="tests.CreateXrayProject_TestScenario5" tests="6" failures="0" timestamp="25 Mar 2020 07:11:30 GMT" time="78.953" errors="0">
  <testcase name="New_Registration" time="14.937" classname="tests.CreateXrayProject_TestScenario5"/>
  <testcase name="login_ValidUserValidPass" time="3.996" classname="tests.CreateXrayProject_TestScenario5"/>
  <testcase name="CreateXrayProject" time="22.736" classname="tests.CreateXrayProject_TestScenario5"/>
  <testcase name="ProjectName" time="3.372" classname="tests.CreateXrayProject_TestScenario5"/>
  <testcase name="UserStory" time="12.715" classname="tests.CreateXrayProject_TestScenario5"/>
  <testcase name="TestCase" time="21.197" classname="tests.CreateXrayProject_TestScenario5"/>
</testsuite> <!-- tests.CreateXrayProject_TestScenario5 -->
