<?xml version="1.0" encoding="UTF-8"?>
<!-- Generated by org.testng.reporters.JUnitReportReporter -->
<testsuite skipped="0" hostname="Desktop-Piyush" name="tests.CreateProject_TestScenario4" tests="5" failures="0" timestamp="25 Mar 2020 07:11:30 GMT" time="98.560" errors="0">
  <testcase name="login_ValidUserValidPass" time="10.745" classname="tests.CreateProject_TestScenario4"/>
  <testcase name="NewProject" time="16.157" classname="tests.CreateProject_TestScenario4"/>
  <testcase name="ProjectName" time="3.364" classname="tests.CreateProject_TestScenario4"/>
  <testcase name="UserStory" time="13.058" classname="tests.CreateProject_TestScenario4"/>
  <testcase name="TestCase" time="55.236" classname="tests.CreateProject_TestScenario4"/>
</testsuite> <!-- tests.CreateProject_TestScenario4 -->
