<?xml version="1.0" encoding="UTF-8"?>
<!-- Generated by org.testng.reporters.JUnitReportReporter -->
<testsuite skipped="0" hostname="Desktop-Piyush" name="tests.CreateXrayProject_TestScenario3" tests="6" failures="0" timestamp="25 Mar 2020 07:11:30 GMT" time="76.241" errors="0">
  <testcase name="New_Registration" time="14.234" classname="tests.CreateXrayProject_TestScenario3"/>
  <testcase name="login_ValidUserValidPass" time="3.783" classname="tests.CreateXrayProject_TestScenario3"/>
  <testcase name="CreateXrayProject" time="22.534" classname="tests.CreateXrayProject_TestScenario3"/>
  <testcase name="ProjectName" time="3.345" classname="tests.CreateXrayProject_TestScenario3"/>
  <testcase name="UserStory" time="13.620" classname="tests.CreateXrayProject_TestScenario3"/>
  <testcase name="Task" time="18.725" classname="tests.CreateXrayProject_TestScenario3"/>
</testsuite> <!-- tests.CreateXrayProject_TestScenario3 -->
