<?xml version="1.0" encoding="UTF-8"?>
<!-- Generated by org.testng.reporters.JUnitReportReporter -->
<testsuite skipped="0" hostname="Desktop-Piyush" name="tests.RegistrationTest" tests="3" failures="0" timestamp="25 Mar 2020 07:11:30 GMT" time="17.598" errors="0">
  <testcase name="SandBox" time="0.203" classname="tests.RegistrationTest"/>
  <testcase name="Register_ValidUserValidPass" time="1.260" classname="tests.RegistrationTest"/>
  <testcase name="SetPassword" time="16.135" classname="tests.RegistrationTest"/>
</testsuite> <!-- tests.RegistrationTest -->
