<?xml version="1.0" encoding="UTF-8"?>
<!-- Generated by org.testng.reporters.JUnitReportReporter -->
<testsuite skipped="0" hostname="Desktop-Piyush" name="tests.CreateProject_TestScenario1" tests="4" failures="0" timestamp="25 Mar 2020 07:11:30 GMT" time="48.979" errors="0">
  <testcase name="login_ValidUserValidPass" time="5.751" classname="tests.CreateProject_TestScenario1"/>
  <testcase name="NewProject" time="22.660" classname="tests.CreateProject_TestScenario1"/>
  <testcase name="ProjectName" time="3.393" classname="tests.CreateProject_TestScenario1"/>
  <testcase name="UserStory" time="17.175" classname="tests.CreateProject_TestScenario1"/>
</testsuite> <!-- tests.CreateProject_TestScenario1 -->
