<?xml version="1.0" encoding="UTF-8"?>
<!-- Generated by org.testng.reporters.JUnitReportReporter -->
<testsuite skipped="0" hostname="Desktop-Piyush" name="tests.CreateXrayProject_TestScenario2" tests="5" failures="0" timestamp="24 Mar 2020 22:29:53 GMT" time="72.287" errors="0">
  <testcase name="login_ValidUserValidPass" time="11.904" classname="tests.CreateXrayProject_TestScenario2"/>
  <testcase name="CreateXrayProject" time="16.191" classname="tests.CreateXrayProject_TestScenario2"/>
  <testcase name="ProjectName" time="3.453" classname="tests.CreateXrayProject_TestScenario2"/>
  <testcase name="UserStory" time="24.337" classname="tests.CreateXrayProject_TestScenario2"/>
  <testcase name="Plan" time="16.402" classname="tests.CreateXrayProject_TestScenario2"/>
</testsuite> <!-- tests.CreateXrayProject_TestScenario2 -->
