<?xml version="1.0" encoding="UTF-8"?>
<!-- Generated by org.testng.reporters.JUnitReportReporter -->
<testsuite skipped="0" hostname="Desktop-Piyush" name="tests.CreateProject_TestScenario1" tests="4" failures="0" timestamp="24 Mar 2020 22:29:53 GMT" time="61.722" errors="0">
  <testcase name="login_ValidUserValidPass" time="9.371" classname="tests.CreateProject_TestScenario1"/>
  <testcase name="NewProject" time="22.564" classname="tests.CreateProject_TestScenario1"/>
  <testcase name="ProjectName" time="3.287" classname="tests.CreateProject_TestScenario1"/>
  <testcase name="UserStory" time="26.500" classname="tests.CreateProject_TestScenario1"/>
</testsuite> <!-- tests.CreateProject_TestScenario1 -->
