<?xml version="1.0" encoding="UTF-8"?>
<!-- Generated by org.testng.reporters.JUnitReportReporter -->
<testsuite skipped="0" hostname="Desktop-Piyush" name="tests.RegistrationTest" tests="3" failures="0" timestamp="24 Mar 2020 22:29:53 GMT" time="72.001" errors="0">
  <testcase name="SandBox" time="0.101" classname="tests.RegistrationTest"/>
  <testcase name="Register_ValidUserValidPass" time="1.364" classname="tests.RegistrationTest"/>
  <testcase name="SetPassword" time="70.536" classname="tests.RegistrationTest"/>
</testsuite> <!-- tests.RegistrationTest -->
