<?xml version="1.0" encoding="UTF-8"?>
<!-- Generated by org.testng.reporters.JUnitReportReporter -->
<testsuite skipped="0" hostname="Desktop-Piyush" name="tests.CreateXrayProject_TestScenario3" tests="6" failures="0" timestamp="24 Mar 2020 22:29:53 GMT" time="124.942" errors="0">
  <testcase name="New_Registration" time="61.153" classname="tests.CreateXrayProject_TestScenario3"/>
  <testcase name="login_ValidUserValidPass" time="3.707" classname="tests.CreateXrayProject_TestScenario3"/>
  <testcase name="CreateXrayProject" time="22.781" classname="tests.CreateXrayProject_TestScenario3"/>
  <testcase name="ProjectName" time="3.370" classname="tests.CreateXrayProject_TestScenario3"/>
  <testcase name="UserStory" time="14.439" classname="tests.CreateXrayProject_TestScenario3"/>
  <testcase name="Task" time="19.492" classname="tests.CreateXrayProject_TestScenario3"/>
</testsuite> <!-- tests.CreateXrayProject_TestScenario3 -->
